#
# There is insufficient memory for the Java Runtime Environment to continue.
# Native memory allocation (malloc) failed to allocate 131056 bytes for Chunk::new
# Possible reasons:
#   The system is out of physical RAM or swap space
#   The process is running with CompressedOops enabled, and the Java Heap may be blocking the growth of the native heap
# Possible solutions:
#   Reduce memory load on the system
#   Increase physical memory or swap space
#   Check if swap backing store is full
#   Decrease Java heap size (-Xmx/-Xms)
#   Decrease number of Java threads
#   Decrease Java thread stack sizes (-Xss)
#   Set larger code cache with -XX:ReservedCodeCacheSize=
#   JVM is running with Unscaled Compressed Oops mode in which the Java heap is
#     placed in the first 4GB address space. The Java Heap base address is the
#     maximum limit for the native heap growth. Please use -XX:HeapBaseMinAddress
#     to set the Java Heap base and to place the Java Heap above 4GB virtual address.
# This output file may be truncated or incomplete.
#
#  Out of Memory Error (allocation.cpp:389), pid=9988, tid=0x0000000000001a34
#
# JRE version: OpenJDK Runtime Environment (8.0_212-b04) (build 1.8.0_212-release-1586-b04)
# Java VM: OpenJDK 64-Bit Server VM (25.212-b04 mixed mode windows-amd64 compressed oops)
# Failed to write core dump. Minidumps are not enabled by default on client versions of Windows
#

---------------  T H R E A D  ---------------

Current thread (0x0000000015ee4000):  JavaThread "C2 CompilerThread1" daemon [_thread_in_native, id=6708, stack(0x0000000017640000,0x0000000017740000)]

Stack: [0x0000000017640000,0x0000000017740000]
[error occurred during error reporting (printing stack bounds), id 0xc0000005]

Native frames: (J=compiled Java code, j=interpreted, Vv=VM code, C=native code)


Current CompileTask:
C2:3124857 16574       4       com.android.build.gradle.internal.packaging.ParsedPackagingOptions::getAction (162 bytes)


---------------  P R O C E S S  ---------------

Java Threads: ( => current thread )
  0x000000001c35a000 JavaThread "WorkerExecutor Queue Thread 5" [_thread_blocked, id=11496, stack(0x0000000025860000,0x0000000025960000)]
  0x000000001c361000 JavaThread "WorkerExecutor Queue Thread 4" [_thread_blocked, id=2012, stack(0x0000000025760000,0x0000000025860000)]
  0x000000001c359000 JavaThread "WorkerExecutor Queue Thread 3" [_thread_blocked, id=14144, stack(0x0000000025660000,0x0000000025760000)]
  0x000000001c360000 JavaThread "WorkerExecutor Queue Thread 2" [_thread_blocked, id=9272, stack(0x0000000024d90000,0x0000000024e90000)]
  0x000000001c35f000 JavaThread "Cache worker for Java compile cache (C:\Users\Keerthana\AndroidStudioProjects\BrainGame\.gradle\5.6.4\javaCompile)" [_thread_blocked, id=6172, stack(0x0000000024a90000,0x0000000024b90000)]
  0x000000001c35d800 JavaThread "Cache worker for Java compile cache (C:\Users\Keerthana\.gradle\caches\5.6.4\javaCompile)" [_thread_blocked, id=10408, stack(0x0000000024890000,0x0000000024990000)]
  0x000000001c35e800 JavaThread "WorkerExecutor Queue" [_thread_blocked, id=5668, stack(0x0000000024990000,0x0000000024a90000)]
  0x000000001c354800 JavaThread "Cache worker for execution history cache (C:\Users\Keerthana\AndroidStudioProjects\BrainGame\.gradle\5.6.4\executionHistory)" [_thread_blocked, id=11428, stack(0x0000000024360000,0x0000000024460000)]
  0x000000001c356000 JavaThread "Execution worker for ':' Thread 3" [_thread_blocked, id=13444, stack(0x0000000024260000,0x0000000024360000)]
  0x000000001c35b800 JavaThread "Execution worker for ':' Thread 2" [_thread_blocked, id=6564, stack(0x0000000024160000,0x0000000024260000)]
  0x000000001c357000 JavaThread "Execution worker for ':'" [_thread_blocked, id=13724, stack(0x0000000024060000,0x0000000024160000)]
  0x000000001c354000 JavaThread "Cache worker for file content cache (C:\Users\Keerthana\AndroidStudioProjects\BrainGame\.gradle\5.6.4\fileContent)" [_thread_blocked, id=12548, stack(0x0000000023f60000,0x0000000024060000)]
  0x0000000019e03800 JavaThread "Cache worker for Build Output Cleanup Cache (C:\Users\Keerthana\AndroidStudioProjects\BrainGame\.gradle\buildOutputCleanup)" [_thread_blocked, id=3440, stack(0x00000000219b0000,0x0000000021ab0000)]
  0x0000000019e03000 JavaThread "Build operations Thread 4" [_thread_blocked, id=3896, stack(0x0000000021690000,0x0000000021790000)]
  0x0000000019e00800 JavaThread "Build operations Thread 3" [_thread_blocked, id=10192, stack(0x0000000021590000,0x0000000021690000)]
  0x0000000019e01000 JavaThread "Build operations Thread 2" [_thread_blocked, id=11684, stack(0x0000000021490000,0x0000000021590000)]
  0x0000000019e02000 JavaThread "Build operations" [_thread_blocked, id=13472, stack(0x000000001fac0000,0x000000001fbc0000)]
  0x0000000019dff800 JavaThread "Cache worker for cache directory md-rule (C:\Users\Keerthana\.gradle\caches\5.6.4\md-rule)" [_thread_blocked, id=12464, stack(0x000000001e300000,0x000000001e400000)]
  0x0000000019e04800 JavaThread "Cache worker for cache directory md-supplier (C:\Users\Keerthana\.gradle\caches\5.6.4\md-supplier)" [_thread_blocked, id=13908, stack(0x000000001e200000,0x000000001e300000)]
  0x0000000019df8000 JavaThread "Cache worker for file hash cache (C:\Users\Keerthana\AndroidStudioProjects\BrainGame\.gradle\5.6.4\fileHashes)" [_thread_blocked, id=11372, stack(0x000000001b760000,0x000000001b860000)]
  0x0000000019dfb000 JavaThread "Thread-53" [_thread_blocked, id=13016, stack(0x000000001b460000,0x000000001b560000)]
  0x0000000019dff000 JavaThread "Stdin handler" [_thread_blocked, id=5380, stack(0x000000001b360000,0x000000001b460000)]
  0x0000000019dfd800 JavaThread "Asynchronous log dispatcher for DefaultDaemonConnection: socket connection from /127.0.0.1:56497 to /127.0.0.1:57610" [_thread_blocked, id=3740, stack(0x000000001b060000,0x000000001b160000)]
  0x0000000019dfa800 JavaThread "Cancel handler" [_thread_blocked, id=9616, stack(0x0000000000a30000,0x0000000000b30000)]
  0x0000000019dfc800 JavaThread "Handler for socket connection from /127.0.0.1:56497 to /127.0.0.1:57610" [_thread_in_native, id=12280, stack(0x0000000000930000,0x0000000000a30000)]
  0x0000000019df9000 JavaThread "RMI TCP Connection(2)-127.0.0.1" daemon [_thread_in_native, id=12196, stack(0x0000000028400000,0x0000000028500000)]
  0x0000000019dfe000 JavaThread "RMI Reaper" [_thread_blocked, id=11472, stack(0x0000000028300000,0x0000000028400000)]
  0x0000000019df6800 JavaThread "RMI TCP Accept-0" daemon [_thread_in_native, id=7028, stack(0x0000000028200000,0x0000000028300000)]
  0x0000000019df5000 JavaThread "GC Daemon" daemon [_thread_blocked, id=4992, stack(0x0000000028100000,0x0000000028200000)]
  0x0000000019df7800 JavaThread "RMI RenewClean-[127.0.0.1:17298,org.jetbrains.kotlin.daemon.common.LoopbackNetworkInterface$ClientLoopbackSocketFactory@467ba7b3]" daemon [_thread_blocked, id=6468, stack(0x0000000028000000,0x0000000028100000)]
  0x0000000019dfc000 JavaThread "RMI Scheduler(0)" daemon [_thread_blocked, id=12832, stack(0x0000000027f00000,0x0000000028000000)]
  0x000000001c35d000 JavaThread "MarlinRenderer Disposer" daemon [_thread_blocked, id=12956, stack(0x0000000025360000,0x0000000025460000)]
  0x000000001c35c000 JavaThread "Java2D Disposer" daemon [_thread_blocked, id=10624, stack(0x0000000024f90000,0x0000000025090000)]
  0x000000001c3a4800 JavaThread "Cache worker for file content cache (C:\Users\Keerthana\.gradle\caches\5.6.4\fileContent)" [_thread_blocked, id=2680, stack(0x0000000021eb0000,0x0000000021fb0000)]
  0x000000001c39e800 JavaThread "Daemon worker Thread 2" [_thread_in_native, id=12380, stack(0x000000001af60000,0x000000001b060000)]
  0x000000001c3a1800 JavaThread "Daemon Thread 2" [_thread_blocked, id=6296, stack(0x0000000000780000,0x0000000000880000)]
  0x000000001c3a0000 JavaThread "Memory manager" [_thread_blocked, id=5232, stack(0x00000000225b0000,0x00000000226b0000)]
  0x000000001c3a0800 JavaThread "Cache worker for execution history cache (C:\Users\Keerthana\.gradle\caches\5.6.4\executionHistory)" [_thread_blocked, id=9976, stack(0x000000001fbc0000,0x000000001fcc0000)]
  0x0000000018f4a800 JavaThread "Cache worker for journal cache (C:\Users\Keerthana\.gradle\caches\journal-1)" [_thread_blocked, id=4296, stack(0x000000001bc60000,0x000000001bd60000)]
  0x0000000018f4f000 JavaThread "File lock request listener" [_thread_in_native, id=640, stack(0x000000001bb60000,0x000000001bc60000)]
  0x0000000018f4c000 JavaThread "Cache worker for file hash cache (C:\Users\Keerthana\.gradle\caches\5.6.4\fileHashes)" [_thread_blocked, id=13668, stack(0x000000001ba60000,0x000000001bb60000)]
  0x0000000018fc5000 JavaThread "Daemon periodic checks" [_thread_blocked, id=10944, stack(0x000000001ae60000,0x000000001af60000)]
  0x000000001972f800 JavaThread "Incoming local TCP Connector on port 56497" [_thread_in_native, id=1988, stack(0x000000001ac20000,0x000000001ad20000)]
  0x00000000178fe800 JavaThread "Daemon health stats" [_thread_blocked, id=328, stack(0x000000001a5e0000,0x000000001a6e0000)]
  0x0000000017868800 JavaThread "Service Thread" daemon [_thread_blocked, id=12488, stack(0x0000000017c40000,0x0000000017d40000)]
  0x0000000015ee9000 JavaThread "C1 CompilerThread2" daemon [_thread_blocked, id=5160, stack(0x0000000017740000,0x0000000017840000)]
=>0x0000000015ee4000 JavaThread "C2 CompilerThread1" daemon [_thread_in_native, id=6708, stack(0x0000000017640000,0x0000000017740000)]
  0x0000000015edc800 JavaThread "C2 CompilerThread0" daemon [_thread_in_native, id=11028, stack(0x0000000017540000,0x0000000017640000)]
  0x0000000015edb000 JavaThread "Attach Listener" daemon [_thread_blocked, id=9924, stack(0x0000000017440000,0x0000000017540000)]
  0x0000000015ed9800 JavaThread "Signal Dispatcher" daemon [_thread_blocked, id=9240, stack(0x0000000017340000,0x0000000017440000)]
  0x000000000256b000 JavaThread "Finalizer" daemon [_thread_blocked, id=13192, stack(0x0000000017140000,0x0000000017240000)]
  0x0000000015ec9000 JavaThread "Reference Handler" daemon [_thread_blocked, id=12148, stack(0x0000000017040000,0x0000000017140000)]
  0x000000000234e000 JavaThread "main" [_thread_blocked, id=9596, stack(0x0000000002350000,0x0000000002450000)]

Other Threads:
  0x0000000015ea7000 VMThread [stack: 0x0000000016f40000,0x0000000017040000] [id=12920]
  0x0000000015f3d800 WatcherThread [stack: 0x0000000017d40000,0x0000000017e40000] [id=6304]

VM state:not at safepoint (normal execution)

VM Mutex/Monitor currently owned by a thread: None

OutOfMemory and StackOverflow Exception counts:
OutOfMemoryError java_heap_errors=1

heap address: 0x00000000a0000000, size: 1536 MB, Compressed Oops mode: 32-bit
Narrow klass base: 0x0000000000000000, Narrow klass shift: 3
Compressed class space size: 1073741824 Address: 0x0000000100000000

Heap:
 PSYoungGen      total 193024K, used 152874K [0x00000000e0000000, 0x00000000ee600000, 0x0000000100000000)
  eden space 166912K, 91% used [0x00000000e0000000,0x00000000e954a920,0x00000000ea300000)
  from space 26112K, 0% used [0x00000000ea800000,0x00000000ea800000,0x00000000ec180000)
  to   space 34304K, 0% used [0x00000000ec480000,0x00000000ec480000,0x00000000ee600000)
 ParOldGen       total 134656K, used 57839K [0x00000000a0000000, 0x00000000a8380000, 0x00000000e0000000)
  object space 134656K, 42% used [0x00000000a0000000,0x00000000a387be58,0x00000000a8380000)
 Metaspace       used 100272K, capacity 104538K, committed 104960K, reserved 1140736K
  class space    used 13127K, capacity 13952K, committed 14080K, reserved 1048576K

Card table byte_map: [0x0000000011930000,0x0000000011c40000] byte_map_base: 0x0000000011430000

Marking Bits: (ParMarkBitMap*) 0x00000000650c9f30
 Begin Bits: [0x0000000012240000, 0x0000000013a40000)
 End Bits:   [0x0000000013a40000, 0x0000000015240000)

Polling page: 0x00000000008f0000

CodeCache: size=245760Kb used=45341Kb max_used=45349Kb free=200418Kb
 bounds [0x0000000002570000, 0x00000000051f0000, 0x0000000011570000]
 total_blobs=15109 nmethods=14068 adapters=953
 compilation: enabled

Compilation events (10 events):
Event: 3124.838 Thread 0x0000000015edc800 nmethod 16568 0x00000000051e2950 code [0x00000000051e2b60, 0x00000000051e3be0]
Event: 3124.838 Thread 0x0000000015edc800 16577       4       com.android.build.gradle.internal.tasks.MergeJavaResourcesDelegate$run$inputFilter$1::test (9 bytes)
Event: 3124.842 Thread 0x0000000015ee9000 16579       3       java.util.TreeMap::key (17 bytes)
Event: 3124.842 Thread 0x0000000015ee9000 nmethod 16579 0x00000000051e63d0 code [0x00000000051e6540, 0x00000000051e6768]
Event: 3124.845 Thread 0x0000000015ee9000 16580       3       com.android.tools.build.apkzlib.zip.InflaterByteSource::openStream (46 bytes)
Event: 3124.846 Thread 0x0000000015ee9000 nmethod 16580 0x00000000051e5410 code [0x00000000051e5600, 0x00000000051e5ef8]
Event: 3124.846 Thread 0x0000000015ee9000 16581       3       java.util.Vector::elements (9 bytes)
Event: 3124.846 Thread 0x0000000015ee9000 nmethod 16581 0x00000000051eaa10 code [0x00000000051eab80, 0x00000000051eadf0]
Event: 3124.847 Thread 0x0000000015ee9000 16582       3       java.io.SequenceInputStream::close (12 bytes)
Event: 3124.847 Thread 0x0000000015ee9000 nmethod 16582 0x00000000051ea510 code [0x00000000051ea680, 0x00000000051ea928]

GC Heap History (10 events):
Event: 3064.354 GC heap before
{Heap before GC invocations=19 (full 3):
 PSYoungGen      total 214016K, used 213993K [0x00000000e0000000, 0x00000000ef600000, 0x0000000100000000)
  eden space 189440K, 100% used [0x00000000e0000000,0x00000000eb900000,0x00000000eb900000)
  from space 24576K, 99% used [0x00000000ebf00000,0x00000000ed6fa4e0,0x00000000ed700000)
  to   space 31232K, 0% used [0x00000000ed780000,0x00000000ed780000,0x00000000ef600000)
 ParOldGen       total 134656K, used 47925K [0x00000000a0000000, 0x00000000a8380000, 0x00000000e0000000)
  object space 134656K, 35% used [0x00000000a0000000,0x00000000a2ecd590,0x00000000a8380000)
 Metaspace       used 86534K, capacity 90334K, committed 90496K, reserved 1128448K
  class space    used 11244K, capacity 12051K, committed 12160K, reserved 1048576K
Event: 3064.394 GC heap after
Heap after GC invocations=19 (full 3):
 PSYoungGen      total 210432K, used 20785K [0x00000000e0000000, 0x00000000ef200000, 0x0000000100000000)
  eden space 183296K, 0% used [0x00000000e0000000,0x00000000e0000000,0x00000000eb300000)
  from space 27136K, 76% used [0x00000000ed780000,0x00000000eebcc6a0,0x00000000ef200000)
  to   space 32256K, 0% used [0x00000000eb300000,0x00000000eb300000,0x00000000ed280000)
 ParOldGen       total 134656K, used 62596K [0x00000000a0000000, 0x00000000a8380000, 0x00000000e0000000)
  object space 134656K, 46% used [0x00000000a0000000,0x00000000a3d21018,0x00000000a8380000)
 Metaspace       used 86534K, capacity 90334K, committed 90496K, reserved 1128448K
  class space    used 11244K, capacity 12051K, committed 12160K, reserved 1048576K
}
Event: 3094.614 GC heap before
{Heap before GC invocations=20 (full 3):
 PSYoungGen      total 210432K, used 204081K [0x00000000e0000000, 0x00000000ef200000, 0x0000000100000000)
  eden space 183296K, 100% used [0x00000000e0000000,0x00000000eb300000,0x00000000eb300000)
  from space 27136K, 76% used [0x00000000ed780000,0x00000000eebcc6a0,0x00000000ef200000)
  to   space 32256K, 0% used [0x00000000eb300000,0x00000000eb300000,0x00000000ed280000)
 ParOldGen       total 134656K, used 62596K [0x00000000a0000000, 0x00000000a8380000, 0x00000000e0000000)
  object space 134656K, 46% used [0x00000000a0000000,0x00000000a3d21018,0x00000000a8380000)
 Metaspace       used 88816K, capacity 92778K, committed 92800K, reserved 1130496K
  class space    used 11568K, capacity 12400K, committed 12416K, reserved 1048576K
Event: 3094.641 GC heap after
Heap after GC invocations=20 (full 3):
 PSYoungGen      total 196608K, used 18908K [0x00000000e0000000, 0x00000000eeb80000, 0x0000000100000000)
  eden space 177664K, 0% used [0x00000000e0000000,0x00000000e0000000,0x00000000ead80000)
  from space 18944K, 99% used [0x00000000eb300000,0x00000000ec577080,0x00000000ec580000)
  to   space 31744K, 0% used [0x00000000ecc80000,0x00000000ecc80000,0x00000000eeb80000)
 ParOldGen       total 134656K, used 62604K [0x00000000a0000000, 0x00000000a8380000, 0x00000000e0000000)
  object space 134656K, 46% used [0x00000000a0000000,0x00000000a3d23018,0x00000000a8380000)
 Metaspace       used 88816K, capacity 92778K, committed 92800K, reserved 1130496K
  class space    used 11568K, capacity 12400K, committed 12416K, reserved 1048576K
}
Event: 3119.991 GC heap before
{Heap before GC invocations=21 (full 3):
 PSYoungGen      total 196608K, used 196572K [0x00000000e0000000, 0x00000000eeb80000, 0x0000000100000000)
  eden space 177664K, 100% used [0x00000000e0000000,0x00000000ead80000,0x00000000ead80000)
  from space 18944K, 99% used [0x00000000eb300000,0x00000000ec577080,0x00000000ec580000)
  to   space 31744K, 0% used [0x00000000ecc80000,0x00000000ecc80000,0x00000000eeb80000)
 ParOldGen       total 134656K, used 62604K [0x00000000a0000000, 0x00000000a8380000, 0x00000000e0000000)
  object space 134656K, 46% used [0x00000000a0000000,0x00000000a3d23018,0x00000000a8380000)
 Metaspace       used 89277K, capacity 93350K, committed 93440K, reserved 1130496K
  class space    used 11611K, capacity 12484K, committed 12544K, reserved 1048576K
Event: 3120.040 GC heap after
Heap after GC invocations=21 (full 3):
 PSYoungGen      total 199168K, used 19864K [0x00000000e0000000, 0x00000000ee700000, 0x0000000100000000)
  eden space 172032K, 0% used [0x00000000e0000000,0x00000000e0000000,0x00000000ea800000)
  from space 27136K, 73% used [0x00000000ecc80000,0x00000000edfe61e8,0x00000000ee700000)
  to   space 32256K, 0% used [0x00000000ea800000,0x00000000ea800000,0x00000000ec780000)
 ParOldGen       total 134656K, used 62612K [0x00000000a0000000, 0x00000000a8380000, 0x00000000e0000000)
  object space 134656K, 46% used [0x00000000a0000000,0x00000000a3d25018,0x00000000a8380000)
 Metaspace       used 89277K, capacity 93350K, committed 93440K, reserved 1130496K
  class space    used 11611K, capacity 12484K, committed 12544K, reserved 1048576K
}
Event: 3122.416 GC heap before
{Heap before GC invocations=22 (full 3):
 PSYoungGen      total 199168K, used 85299K [0x00000000e0000000, 0x00000000ee700000, 0x0000000100000000)
  eden space 172032K, 38% used [0x00000000e0000000,0x00000000e3fe6cf8,0x00000000ea800000)
  from space 27136K, 73% used [0x00000000ecc80000,0x00000000edfe61e8,0x00000000ee700000)
  to   space 32256K, 0% used [0x00000000ea800000,0x00000000ea800000,0x00000000ec780000)
 ParOldGen       total 134656K, used 62612K [0x00000000a0000000, 0x00000000a8380000, 0x00000000e0000000)
  object space 134656K, 46% used [0x00000000a0000000,0x00000000a3d25018,0x00000000a8380000)
 Metaspace       used 94354K, capacity 98520K, committed 98560K, reserved 1134592K
  class space    used 12282K, capacity 13148K, committed 13184K, reserved 1048576K
Event: 3122.476 GC heap after
Heap after GC invocations=22 (full 3):
 PSYoungGen      total 193024K, used 26071K [0x00000000e0000000, 0x00000000ee600000, 0x0000000100000000)
  eden space 166912K, 0% used [0x00000000e0000000,0x00000000e0000000,0x00000000ea300000)
  from space 26112K, 99% used [0x00000000ea800000,0x00000000ec175c98,0x00000000ec180000)
  to   space 34304K, 0% used [0x00000000ec480000,0x00000000ec480000,0x00000000ee600000)
 ParOldGen       total 134656K, used 62620K [0x00000000a0000000, 0x00000000a8380000, 0x00000000e0000000)
  object space 134656K, 46% used [0x00000000a0000000,0x00000000a3d27018,0x00000000a8380000)
 Metaspace       used 94354K, capacity 98520K, committed 98560K, reserved 1134592K
  class space    used 12282K, capacity 13148K, committed 13184K, reserved 1048576K
}
Event: 3122.476 GC heap before
{Heap before GC invocations=23 (full 4):
 PSYoungGen      total 193024K, used 26071K [0x00000000e0000000, 0x00000000ee600000, 0x0000000100000000)
  eden space 166912K, 0% used [0x00000000e0000000,0x00000000e0000000,0x00000000ea300000)
  from space 26112K, 99% used [0x00000000ea800000,0x00000000ec175c98,0x00000000ec180000)
  to   space 34304K, 0% used [0x00000000ec480000,0x00000000ec480000,0x00000000ee600000)
 ParOldGen       total 134656K, used 62620K [0x00000000a0000000, 0x00000000a8380000, 0x00000000e0000000)
  object space 134656K, 46% used [0x00000000a0000000,0x00000000a3d27018,0x00000000a8380000)
 Metaspace       used 94354K, capacity 98520K, committed 98560K, reserved 1134592K
  class space    used 12282K, capacity 13148K, committed 13184K, reserved 1048576K
Event: 3122.821 GC heap after
Heap after GC invocations=23 (full 4):
 PSYoungGen      total 193024K, used 0K [0x00000000e0000000, 0x00000000ee600000, 0x0000000100000000)
  eden space 166912K, 0% used [0x00000000e0000000,0x00000000e0000000,0x00000000ea300000)
  from space 26112K, 0% used [0x00000000ea800000,0x00000000ea800000,0x00000000ec180000)
  to   space 34304K, 0% used [0x00000000ec480000,0x00000000ec480000,0x00000000ee600000)
 ParOldGen       total 134656K, used 57839K [0x00000000a0000000, 0x00000000a8380000, 0x00000000e0000000)
  object space 134656K, 42% used [0x00000000a0000000,0x00000000a387be58,0x00000000a8380000)
 Metaspace       used 92350K, capacity 95660K, committed 98560K, reserved 1134592K
  class space    used 11975K, capacity 12655K, committed 13184K, reserved 1048576K
}

Deoptimization events (10 events):
Event: 3124.608 Thread 0x000000001c360000 Uncommon trap: reason=speculate_class_check action=maybe_recompile pc=0x000000000372cdd0 method=java.util.HashMap.putVal(ILjava/lang/Object;Ljava/lang/Object;ZZ)Ljava/lang/Object; @ 152
Event: 3124.617 Thread 0x000000001c360000 Uncommon trap: reason=unstable_if action=reinterpret pc=0x0000000005060764 method=com.android.tools.r8.u.c.o.b(Lcom/android/tools/r8/r/n/z;)Z @ 11
Event: 3124.717 Thread 0x000000001c360000 Uncommon trap: reason=bimorphic action=maybe_recompile pc=0x00000000050fcf28 method=com.android.tools.r8.u.c.q.<init>(Lcom/android/tools/r8/u/c/x;)V @ 5
Event: 3124.718 Thread 0x000000001c360000 Uncommon trap: reason=unstable_if action=reinterpret pc=0x0000000005008f38 method=com.android.tools.r8.u.b.U.hasNext()Z @ 21
Event: 3124.718 Thread 0x000000001c360000 Uncommon trap: reason=unstable_if action=reinterpret pc=0x0000000005031ce4 method=com.android.tools.r8.u.b.U.next()Ljava/lang/Object; @ 9
Event: 3124.742 Thread 0x000000001c360000 Uncommon trap: reason=bimorphic action=maybe_recompile pc=0x000000000473a720 method=java.util.Collections$UnmodifiableCollection.contains(Ljava/lang/Object;)Z @ 5
Event: 3124.742 Thread 0x000000001c360000 Uncommon trap: reason=bimorphic action=maybe_recompile pc=0x000000000473a720 method=java.util.Collections$UnmodifiableCollection.contains(Ljava/lang/Object;)Z @ 5
Event: 3124.770 Thread 0x000000001c360000 Uncommon trap: reason=bimorphic action=maybe_recompile pc=0x000000000473a720 method=java.util.Collections$UnmodifiableCollection.contains(Ljava/lang/Object;)Z @ 5
Event: 3124.773 Thread 0x000000001c360000 Uncommon trap: reason=unstable_if action=reinterpret pc=0x00000000050d8b10 method=com.android.tools.r8.graph.d0.b(Lcom/android/tools/r8/graph/d0;)I @ 57
Event: 3124.773 Thread 0x000000001c360000 Uncommon trap: reason=unstable_if action=reinterpret pc=0x00000000050c7840 method=com.android.tools.r8.graph.d0.b(Lcom/android/tools/r8/graph/d0;)I @ 57

Classes redefined (0 events):
No events

Internal exceptions (10 events):
Event: 3123.881 Thread 0x000000001c359000 Exception <a 'java/lang/NoSuchMethodError': java.lang.Object.lambda$maxBy$1(Ljava/util/Comparator;Ljava/lang/Object;Ljava/lang/Object;)Ljava/lang/Object;> (0x00000000e3522e98) thrown at [D:\src\AOSP-openjdk-cygwin\jdk8u\hotspot\src\share\vm\interpreter\li
Event: 3123.881 Thread 0x000000001c360000 Exception <a 'java/lang/NoSuchMethodError': java.lang.Object.lambda$maxBy$1(Ljava/util/Comparator;Ljava/lang/Object;Ljava/lang/Object;)Ljava/lang/Object;> (0x00000000e35ae800) thrown at [D:\src\AOSP-openjdk-cygwin\jdk8u\hotspot\src\share\vm\interpreter\li
Event: 3124.367 Thread 0x000000001c361000 Exception <a 'sun/nio/fs/WindowsException'> (0x00000000e55642c0) thrown at [D:\src\AOSP-openjdk-cygwin\jdk8u\hotspot\src\share\vm\prims\jni.cpp, line 710]
Event: 3124.367 Thread 0x000000001c361000 Exception <a 'sun/nio/fs/WindowsException'> (0x00000000e5564d10) thrown at [D:\src\AOSP-openjdk-cygwin\jdk8u\hotspot\src\share\vm\prims\jni.cpp, line 710]
Event: 3124.367 Thread 0x000000001c361000 Exception <a 'sun/nio/fs/WindowsException'> (0x00000000e5565250) thrown at [D:\src\AOSP-openjdk-cygwin\jdk8u\hotspot\src\share\vm\prims\jni.cpp, line 710]
Event: 3124.367 Thread 0x000000001c361000 Exception <a 'sun/nio/fs/WindowsException'> (0x00000000e5566078) thrown at [D:\src\AOSP-openjdk-cygwin\jdk8u\hotspot\src\share\vm\prims\jni.cpp, line 710]
Event: 3124.368 Thread 0x000000001c361000 Exception <a 'sun/nio/fs/WindowsException'> (0x00000000e55665a8) thrown at [D:\src\AOSP-openjdk-cygwin\jdk8u\hotspot\src\share\vm\prims\jni.cpp, line 710]
Event: 3124.368 Thread 0x000000001c361000 Exception <a 'sun/nio/fs/WindowsException'> (0x00000000e55673c0) thrown at [D:\src\AOSP-openjdk-cygwin\jdk8u\hotspot\src\share\vm\prims\jni.cpp, line 710]
Event: 3124.570 Thread 0x000000001c360000 Exception <a 'sun/nio/fs/WindowsException'> (0x00000000e67df840) thrown at [D:\src\AOSP-openjdk-cygwin\jdk8u\hotspot\src\share\vm\prims\jni.cpp, line 710]
Event: 3124.780 Thread 0x000000001c360000 Exception <a 'sun/nio/fs/WindowsException'> (0x00000000e840d3c8) thrown at [D:\src\AOSP-openjdk-cygwin\jdk8u\hotspot\src\share\vm\prims\jni.cpp, line 710]

Events (10 events):
Event: 3124.769 loading class com/android/tools/r8/u/b/M0 done
Event: 3124.770 Thread 0x000000001c360000 Uncommon trap: trap_request=0xffffffc6 fr.pc=0x000000000473a720
Event: 3124.770 Thread 0x000000001c360000 DEOPT PACKING pc=0x000000000473a720 sp=0x0000000024e8d0a0
Event: 3124.770 Thread 0x000000001c360000 DEOPT UNPACKING pc=0x00000000025b557b sp=0x0000000024e8d040 mode 2
Event: 3124.773 Thread 0x000000001c360000 Uncommon trap: trap_request=0xffffff65 fr.pc=0x00000000050d8b10
Event: 3124.773 Thread 0x000000001c360000 DEOPT PACKING pc=0x00000000050d8b10 sp=0x0000000024e8d880
Event: 3124.773 Thread 0x000000001c360000 DEOPT UNPACKING pc=0x00000000025b557b sp=0x0000000024e8d7a0 mode 2
Event: 3124.773 Thread 0x000000001c360000 Uncommon trap: trap_request=0xffffff65 fr.pc=0x00000000050c7840
Event: 3124.773 Thread 0x000000001c360000 DEOPT PACKING pc=0x00000000050c7840 sp=0x0000000024e8d800
Event: 3124.773 Thread 0x000000001c360000 DEOPT UNPACKING pc=0x00000000025b557b sp=0x0000000024e8d798 mode 2


Dynamic libraries:
0x00007ff7dd320000 - 0x00007ff7dd351000 	C:\Program Files\Android\Android Studio\jre\bin\java.exe
0x00007ffd83520000 - 0x00007ffd83710000 	C:\Windows\SYSTEM32\ntdll.dll
0x00007ffd82b30000 - 0x00007ffd82be2000 	C:\Windows\System32\KERNEL32.dll
0x00007ffd75710000 - 0x00007ffd75842000 	C:\Windows\system32\hmpalert.dll
0x00007ffd809d0000 - 0x00007ffd80c73000 	C:\Windows\System32\KERNELBASE.dll
0x00007ffd831d0000 - 0x00007ffd83273000 	C:\Windows\System32\ADVAPI32.dll
0x00007ffd82e10000 - 0x00007ffd82eae000 	C:\Windows\System32\msvcrt.dll
0x00007ffd83280000 - 0x00007ffd83317000 	C:\Windows\System32\sechost.dll
0x00007ffd82eb0000 - 0x00007ffd82fd0000 	C:\Windows\System32\RPCRT4.dll
0x00007ffd815d0000 - 0x00007ffd81764000 	C:\Windows\System32\USER32.dll
0x00007ffd80da0000 - 0x00007ffd80dc1000 	C:\Windows\System32\win32u.dll
0x00007ffd81dd0000 - 0x00007ffd81df6000 	C:\Windows\System32\GDI32.dll
0x00007ffd804b0000 - 0x00007ffd80644000 	C:\Windows\System32\gdi32full.dll
0x00007ffd808b0000 - 0x00007ffd8094e000 	C:\Windows\System32\msvcp_win.dll
0x00007ffd80ca0000 - 0x00007ffd80d9a000 	C:\Windows\System32\ucrtbase.dll
0x00007ffd6c620000 - 0x00007ffd6c8a5000 	C:\Windows\WinSxS\amd64_microsoft.windows.common-controls_6595b64144ccf1df_6.0.18362.592_none_e6c0b1911312be02\COMCTL32.dll
0x00007ffd81e90000 - 0x00007ffd821c6000 	C:\Windows\System32\combase.dll
0x00007ffd80dd0000 - 0x00007ffd80e50000 	C:\Windows\System32\bcryptPrimitives.dll
0x00007ffd82af0000 - 0x00007ffd82b1e000 	C:\Windows\System32\IMM32.DLL
0x00007ffd802a0000 - 0x00007ffd802dd000 	C:\Windows\system32\SophosAV\SOPHOS~1.DLL
0x00007ffd83150000 - 0x00007ffd83158000 	C:\Windows\System32\PSAPI.DLL
0x0000000064740000 - 0x0000000064812000 	C:\Program Files\Android\Android Studio\jre\jre\bin\msvcr100.dll
0x0000000064900000 - 0x0000000065146000 	C:\Program Files\Android\Android Studio\jre\jre\bin\server\jvm.dll
0x00007ffd7e4e0000 - 0x00007ffd7e504000 	C:\Windows\SYSTEM32\WINMM.dll
0x00007ffd76140000 - 0x00007ffd7614a000 	C:\Windows\SYSTEM32\VERSION.dll
0x00007ffd7b440000 - 0x00007ffd7b449000 	C:\Windows\SYSTEM32\WSOCK32.dll
0x00007ffd81e00000 - 0x00007ffd81e6f000 	C:\Windows\System32\WS2_32.dll
0x00007ffd7e4b0000 - 0x00007ffd7e4dd000 	C:\Windows\SYSTEM32\winmmbase.dll
0x00007ffd80980000 - 0x00007ffd809ca000 	C:\Windows\System32\cfgmgr32.dll
0x00007ffd7a090000 - 0x00007ffd7a09f000 	C:\Program Files\Android\Android Studio\jre\jre\bin\verify.dll
0x00007ffd79e10000 - 0x00007ffd79e39000 	C:\Program Files\Android\Android Studio\jre\jre\bin\java.dll
0x00007ffd7a030000 - 0x00007ffd7a046000 	C:\Program Files\Android\Android Studio\jre\jre\bin\zip.dll
0x00007ffd82400000 - 0x00007ffd82ae5000 	C:\Windows\System32\SHELL32.dll
0x00007ffd830a0000 - 0x00007ffd83149000 	C:\Windows\System32\shcore.dll
0x00007ffd80e50000 - 0x00007ffd815cf000 	C:\Windows\System32\windows.storage.dll
0x00007ffd80490000 - 0x00007ffd804af000 	C:\Windows\System32\profapi.dll
0x00007ffd80400000 - 0x00007ffd8044a000 	C:\Windows\System32\powrprof.dll
0x00007ffd803f0000 - 0x00007ffd80400000 	C:\Windows\System32\UMPDC.dll
0x00007ffd83480000 - 0x00007ffd834d2000 	C:\Windows\System32\shlwapi.dll
0x00007ffd80450000 - 0x00007ffd80461000 	C:\Windows\System32\kernel.appcore.dll
0x00007ffd80c80000 - 0x00007ffd80c97000 	C:\Windows\System32\cryptsp.dll
0x00007ffd790e0000 - 0x00007ffd790fa000 	C:\Program Files\Android\Android Studio\jre\jre\bin\net.dll
0x00007ffd734f0000 - 0x00007ffd736c6000 	C:\Windows\SYSTEM32\urlmon.dll
0x00007ffd73860000 - 0x00007ffd73b06000 	C:\Windows\SYSTEM32\iertutil.dll
0x00007ffd7fdf0000 - 0x00007ffd7fdfc000 	C:\Windows\SYSTEM32\CRYPTBASE.DLL
0x00007ffd7fc20000 - 0x00007ffd7fc87000 	C:\Windows\system32\mswsock.dll
0x00007ffd78fd0000 - 0x00007ffd78fe3000 	C:\Program Files\Android\Android Studio\jre\jre\bin\nio.dll
0x00007ffd79020000 - 0x00007ffd79046000 	C:\Users\Keerthana\.gradle\native\30\windows-amd64\native-platform.dll
0x00007ffd79180000 - 0x00007ffd7918d000 	C:\Program Files\Android\Android Studio\jre\jre\bin\management.dll
0x00007ffd7f730000 - 0x00007ffd7f763000 	C:\Windows\system32\rsaenh.dll
0x00007ffd80950000 - 0x00007ffd80976000 	C:\Windows\System32\bcrypt.dll
0x00007ffd80310000 - 0x00007ffd80335000 	C:\Windows\SYSTEM32\USERENV.dll
0x00007ffd7f930000 - 0x00007ffd7f96a000 	C:\Windows\SYSTEM32\IPHLPAPI.DLL
0x00007ffd82b20000 - 0x00007ffd82b28000 	C:\Windows\System32\NSI.dll
0x00007ffd79570000 - 0x00007ffd79586000 	C:\Windows\SYSTEM32\dhcpcsvc6.DLL
0x00007ffd779f0000 - 0x00007ffd77a0c000 	C:\Windows\SYSTEM32\dhcpcsvc.DLL
0x00007ffd7f970000 - 0x00007ffd7fa3a000 	C:\Windows\SYSTEM32\DNSAPI.dll
0x00007ffd460c0000 - 0x00007ffd4625c000 	C:\Program Files\Android\Android Studio\jre\jre\bin\awt.dll
0x00007ffd821d0000 - 0x00007ffd82294000 	C:\Windows\System32\OLEAUT32.dll
0x00007ffd7e800000 - 0x00007ffd7e82d000 	C:\Windows\SYSTEM32\dwmapi.dll
0x00007ffd7cec0000 - 0x00007ffd7d480000 	C:\Windows\SYSTEM32\d2d1.dll
0x00007ffd7e2a0000 - 0x00007ffd7e32f000 	C:\Windows\SYSTEM32\apphelp.dll
0x00007ffd7e710000 - 0x00007ffd7e7a9000 	C:\Windows\system32\uxtheme.dll
0x00007ffd7a0a0000 - 0x00007ffd7a0be000 	C:\Users\Keerthana\AppData\Local\Temp\native-platform2122878549404727774dir\native-platform.dll

VM Arguments:
jvm_args: -Xmx1536m -Dfile.encoding=windows-1252 -Duser.country=US -Duser.language=en -Duser.variant 
java_command: org.gradle.launcher.daemon.bootstrap.GradleDaemon 5.6.4
java_class_path (initial): C:\Users\Keerthana\.gradle\wrapper\dists\gradle-5.6.4-all\ankdp27end7byghfw1q2sw75f\gradle-5.6.4\lib\gradle-launcher-5.6.4.jar
Launcher Type: SUN_STANDARD

Environment Variables:
JAVA_HOME=C:\openjdk13\jdk-13\bin
PATH=C:\Windows\system32;C:\Windows;C:\Windows\System32\Wbem;C:\Windows\System32\WindowsPowerShell\v1.0\;C:\Windows\System32\OpenSSH\;C:\Program Files\PuTTY\;C:\Program Files (x86)\NTP\bin;C:\openjdk13\jdk-13\bin;C:\Program Files\Git\cmd;C:\Users\Keerthana\AppData\Local\Microsoft\WindowsApps;
USERNAME=Keerthana
OS=Windows_NT
PROCESSOR_IDENTIFIER=Intel64 Family 6 Model 61 Stepping 4, GenuineIntel



---------------  S Y S T E M  ---------------

OS: Windows 10.0 , 64 bit Build 18362 (10.0.18362.329)

CPU:total 4 (initial active 4) (2 cores per cpu, 2 threads per core) family 6 model 61 stepping 4, cmov, cx8, fxsr, mmx, sse, sse2, sse3, ssse3, sse4.1, sse4.2, popcnt, avx, avx2, aes, clmul, erms, 3dnowpref, lzcnt, ht, tsc, tscinvbit, bmi1, bmi2, adx

Memory: 4k page, physical 8272340k(870172k free), swap 8272340k(5132k free)

vm_info: OpenJDK 64-Bit Server VM (25.212-b04) for windows-amd64 JRE (1.8.0_212-release-1586-b04), built by "builder" with MS VC++ 10.0 (VS2010)

time: Mon Jun 22 17:25:30 2020
timezone: India Standard Time
elapsed time: 3124 seconds (0d 0h 52m 4s)

