#
# There is insufficient memory for the Java Runtime Environment to continue.
# Native memory allocation (malloc) failed to allocate 990256 bytes for Chunk::new
# Possible reasons:
#   The system is out of physical RAM or swap space
#   The process is running with CompressedOops enabled, and the Java Heap may be blocking the growth of the native heap
# Possible solutions:
#   Reduce memory load on the system
#   Increase physical memory or swap space
#   Check if swap backing store is full
#   Decrease Java heap size (-Xmx/-Xms)
#   Decrease number of Java threads
#   Decrease Java thread stack sizes (-Xss)
#   Set larger code cache with -XX:ReservedCodeCacheSize=
#   JVM is running with Unscaled Compressed Oops mode in which the Java heap is
#     placed in the first 4GB address space. The Java Heap base address is the
#     maximum limit for the native heap growth. Please use -XX:HeapBaseMinAddress
#     to set the Java Heap base and to place the Java Heap above 4GB virtual address.
# This output file may be truncated or incomplete.
#
#  Out of Memory Error (allocation.cpp:389), pid=4004, tid=0x0000000000000980
#
# JRE version: OpenJDK Runtime Environment (8.0_212-b04) (build 1.8.0_212-release-1586-b04)
# Java VM: OpenJDK 64-Bit Server VM (25.212-b04 mixed mode windows-amd64 compressed oops)
# Failed to write core dump. Minidumps are not enabled by default on client versions of Windows
#

---------------  T H R E A D  ---------------

Current thread (0x0000000017d64800):  JavaThread "C2 CompilerThread1" daemon [_thread_in_native, id=2432, stack(0x00000000194d0000,0x00000000195d0000)]

Stack: [0x00000000194d0000,0x00000000195d0000]
[error occurred during error reporting (printing stack bounds), id 0xc0000005]

Native frames: (J=compiled Java code, j=interpreted, Vv=VM code, C=native code)


Current CompileTask:
C2:   6941 4471   !   4       org.jetbrains.kotlin.metadata.ProtoBuf$Function::<init> (1112 bytes)


---------------  P R O C E S S  ---------------

Java Threads: ( => current thread )
  0x000000001970a000 JavaThread "Service Thread" daemon [_thread_blocked, id=12100, stack(0x0000000019ad0000,0x0000000019bd0000)]
  0x0000000017d72000 JavaThread "C1 CompilerThread2" daemon [_thread_in_native, id=12960, stack(0x00000000195d0000,0x00000000196d0000)]
=>0x0000000017d64800 JavaThread "C2 CompilerThread1" daemon [_thread_in_native, id=2432, stack(0x00000000194d0000,0x00000000195d0000)]
  0x0000000017d60000 JavaThread "C2 CompilerThread0" daemon [_thread_in_native, id=13340, stack(0x00000000193d0000,0x00000000194d0000)]
  0x0000000017d5e800 JavaThread "Attach Listener" daemon [_thread_blocked, id=11240, stack(0x00000000192d0000,0x00000000193d0000)]
  0x0000000017d5d800 JavaThread "Signal Dispatcher" daemon [_thread_blocked, id=11544, stack(0x00000000191d0000,0x00000000192d0000)]
  0x0000000017d4a000 JavaThread "Finalizer" daemon [_thread_blocked, id=12596, stack(0x0000000018fd0000,0x00000000190d0000)]
  0x0000000017d49000 JavaThread "Reference Handler" daemon [_thread_blocked, id=2132, stack(0x0000000018ed0000,0x0000000018fd0000)]
  0x0000000003134800 JavaThread "main" [_thread_in_Java, id=11060, stack(0x0000000003030000,0x0000000003130000)]

Other Threads:
  0x0000000017d26000 VMThread [stack: 0x0000000018dd0000,0x0000000018ed0000] [id=8408]
  0x000000001970c800 WatcherThread [stack: 0x0000000019bd0000,0x0000000019cd0000] [id=9676]

VM state:not at safepoint (normal execution)

VM Mutex/Monitor currently owned by a thread: None

heap address: 0x0000000081c00000, size: 2020 MB, Compressed Oops mode: 32-bit
Narrow klass base: 0x0000000000000000, Narrow klass shift: 3
Compressed class space size: 1073741824 Address: 0x0000000100000000

Heap:
 PSYoungGen      total 71680K, used 47717K [0x00000000d5f00000, 0x00000000dd880000, 0x0000000100000000)
  eden space 66560K, 64% used [0x00000000d5f00000,0x00000000d88a1188,0x00000000da000000)
  from space 5120K, 99% used [0x00000000da000000,0x00000000da4f8328,0x00000000da500000)
  to   space 16384K, 0% used [0x00000000dc880000,0x00000000dc880000,0x00000000dd880000)
 ParOldGen       total 66560K, used 32301K [0x0000000081c00000, 0x0000000085d00000, 0x00000000d5f00000)
  object space 66560K, 48% used [0x0000000081c00000,0x0000000083b8b5c0,0x0000000085d00000)
 Metaspace       used 42425K, capacity 43076K, committed 43312K, reserved 1087488K
  class space    used 5252K, capacity 5407K, committed 5424K, reserved 1048576K

Card table byte_map: [0x00000000125f0000,0x00000000129f0000] byte_map_base: 0x00000000121e2000

Marking Bits: (ParMarkBitMap*) 0x00000000650c9f30
 Begin Bits: [0x00000000130a0000, 0x0000000015030000)
 End Bits:   [0x0000000015030000, 0x0000000016fc0000)

Polling page: 0x0000000001360000

CodeCache: size=245760Kb used=14418Kb max_used=14418Kb free=231341Kb
 bounds [0x0000000003230000, 0x0000000004050000, 0x0000000012230000]
 total_blobs=5002 nmethods=4540 adapters=375
 compilation: enabled

Compilation events (10 events):
Event: 6.934 Thread 0x0000000017d72000 nmethod 4584 0x0000000004046950 code [0x0000000004046aa0, 0x0000000004046bb0]
Event: 6.934 Thread 0x0000000017d72000 4585       3       org.jetbrains.kotlin.resolve.scopes.utils.ScopeUtilsKt$parentsWithSelf$1::invoke (9 bytes)
Event: 6.935 Thread 0x0000000017d72000 nmethod 4585 0x0000000004046c10 code [0x0000000004046da0, 0x0000000004047278]
Event: 6.935 Thread 0x0000000017d72000 4586       3       org.jetbrains.kotlin.resolve.scopes.utils.ScopeUtilsKt$parentsWithSelf$1::invoke (13 bytes)
Event: 6.935 Thread 0x0000000017d72000 nmethod 4586 0x0000000004047410 code [0x00000000040475a0, 0x0000000004047898]
Event: 6.935 Thread 0x0000000017d72000 4587       1       org.jetbrains.kotlin.resolve.calls.tower.TowerData$BothTowerLevelAndImplicitReceiver::getImplicitReceiver (5 bytes)
Event: 6.935 Thread 0x0000000017d72000 nmethod 4587 0x00000000040479d0 code [0x0000000004047b20, 0x0000000004047c30]
Event: 6.936 Thread 0x0000000017d72000 4588       1       org.jetbrains.kotlin.resolve.calls.tower.TowerData$TowerLevel::getLevel (5 bytes)
Event: 6.936 Thread 0x0000000017d72000 nmethod 4588 0x0000000004047c90 code [0x0000000004047de0, 0x0000000004047ef0]
Event: 6.936 Thread 0x0000000017d72000 4589       3       org.jetbrains.kotlin.resolve.calls.tower.AbstractScopeTowerLevel::getLocation (10 bytes)

GC Heap History (10 events):
Event: 3.017 GC heap before
{Heap before GC invocations=5 (full 1):
 PSYoungGen      total 38400K, used 33280K [0x00000000d5f00000, 0x00000000daa00000, 0x0000000100000000)
  eden space 33280K, 100% used [0x00000000d5f00000,0x00000000d7f80000,0x00000000d7f80000)
  from space 5120K, 0% used [0x00000000d7f80000,0x00000000d7f80000,0x00000000d8480000)
  to   space 5120K, 0% used [0x00000000da500000,0x00000000da500000,0x00000000daa00000)
 ParOldGen       total 66560K, used 8957K [0x0000000081c00000, 0x0000000085d00000, 0x00000000d5f00000)
  object space 66560K, 13% used [0x0000000081c00000,0x00000000824bf4a8,0x0000000085d00000)
 Metaspace       used 24607K, capacity 25090K, committed 25136K, reserved 1071104K
  class space    used 2939K, capacity 3119K, committed 3120K, reserved 1048576K
Event: 3.033 GC heap after
Heap after GC invocations=5 (full 1):
 PSYoungGen      total 53248K, used 5092K [0x00000000d5f00000, 0x00000000daa00000, 0x0000000100000000)
  eden space 48128K, 0% used [0x00000000d5f00000,0x00000000d5f00000,0x00000000d8e00000)
  from space 5120K, 99% used [0x00000000da500000,0x00000000da9f9100,0x00000000daa00000)
  to   space 5120K, 0% used [0x00000000da000000,0x00000000da000000,0x00000000da500000)
 ParOldGen       total 66560K, used 11661K [0x0000000081c00000, 0x0000000085d00000, 0x00000000d5f00000)
  object space 66560K, 17% used [0x0000000081c00000,0x00000000827636a0,0x0000000085d00000)
 Metaspace       used 24607K, capacity 25090K, committed 25136K, reserved 1071104K
  class space    used 2939K, capacity 3119K, committed 3120K, reserved 1048576K
}
Event: 3.877 GC heap before
{Heap before GC invocations=6 (full 1):
 PSYoungGen      total 53248K, used 53220K [0x00000000d5f00000, 0x00000000daa00000, 0x0000000100000000)
  eden space 48128K, 100% used [0x00000000d5f00000,0x00000000d8e00000,0x00000000d8e00000)
  from space 5120K, 99% used [0x00000000da500000,0x00000000da9f9100,0x00000000daa00000)
  to   space 5120K, 0% used [0x00000000da000000,0x00000000da000000,0x00000000da500000)
 ParOldGen       total 66560K, used 11661K [0x0000000081c00000, 0x0000000085d00000, 0x00000000d5f00000)
  object space 66560K, 17% used [0x0000000081c00000,0x00000000827636a0,0x0000000085d00000)
 Metaspace       used 32508K, capacity 32937K, committed 33328K, reserved 1079296K
  class space    used 4144K, capacity 4278K, committed 4400K, reserved 1048576K
Event: 3.890 GC heap after
Heap after GC invocations=6 (full 1):
 PSYoungGen      total 71680K, used 5090K [0x00000000d5f00000, 0x00000000dc100000, 0x0000000100000000)
  eden space 66560K, 0% used [0x00000000d5f00000,0x00000000d5f00000,0x00000000da000000)
  from space 5120K, 99% used [0x00000000da000000,0x00000000da4f8918,0x00000000da500000)
  to   space 15360K, 0% used [0x00000000db200000,0x00000000db200000,0x00000000dc100000)
 ParOldGen       total 66560K, used 22786K [0x0000000081c00000, 0x0000000085d00000, 0x00000000d5f00000)
  object space 66560K, 34% used [0x0000000081c00000,0x0000000083240ae0,0x0000000085d00000)
 Metaspace       used 32508K, capacity 32937K, committed 33328K, reserved 1079296K
  class space    used 4144K, capacity 4278K, committed 4400K, reserved 1048576K
}
Event: 4.102 GC heap before
{Heap before GC invocations=7 (full 1):
 PSYoungGen      total 71680K, used 14409K [0x00000000d5f00000, 0x00000000dc100000, 0x0000000100000000)
  eden space 66560K, 14% used [0x00000000d5f00000,0x00000000d6819ed0,0x00000000da000000)
  from space 5120K, 99% used [0x00000000da000000,0x00000000da4f8918,0x00000000da500000)
  to   space 15360K, 0% used [0x00000000db200000,0x00000000db200000,0x00000000dc100000)
 ParOldGen       total 66560K, used 22786K [0x0000000081c00000, 0x0000000085d00000, 0x00000000d5f00000)
  object space 66560K, 34% used [0x0000000081c00000,0x0000000083240ae0,0x0000000085d00000)
 Metaspace       used 34844K, capacity 35321K, committed 35496K, reserved 1081344K
  class space    used 4509K, capacity 4654K, committed 4656K, reserved 1048576K
Event: 4.112 GC heap after
Heap after GC invocations=7 (full 1):
 PSYoungGen      total 81920K, used 7641K [0x00000000d5f00000, 0x00000000dc100000, 0x0000000100000000)
  eden space 66560K, 0% used [0x00000000d5f00000,0x00000000d5f00000,0x00000000da000000)
  from space 15360K, 49% used [0x00000000db200000,0x00000000db9767c0,0x00000000dc100000)
  to   space 5120K, 0% used [0x00000000da000000,0x00000000da000000,0x00000000da500000)
 ParOldGen       total 66560K, used 22786K [0x0000000081c00000, 0x0000000085d00000, 0x00000000d5f00000)
  object space 66560K, 34% used [0x0000000081c00000,0x0000000083240ae0,0x0000000085d00000)
 Metaspace       used 34844K, capacity 35321K, committed 35496K, reserved 1081344K
  class space    used 4509K, capacity 4654K, committed 4656K, reserved 1048576K
}
Event: 4.112 GC heap before
{Heap before GC invocations=8 (full 2):
 PSYoungGen      total 81920K, used 7641K [0x00000000d5f00000, 0x00000000dc100000, 0x0000000100000000)
  eden space 66560K, 0% used [0x00000000d5f00000,0x00000000d5f00000,0x00000000da000000)
  from space 15360K, 49% used [0x00000000db200000,0x00000000db9767c0,0x00000000dc100000)
  to   space 5120K, 0% used [0x00000000da000000,0x00000000da000000,0x00000000da500000)
 ParOldGen       total 66560K, used 22786K [0x0000000081c00000, 0x0000000085d00000, 0x00000000d5f00000)
  object space 66560K, 34% used [0x0000000081c00000,0x0000000083240ae0,0x0000000085d00000)
 Metaspace       used 34844K, capacity 35321K, committed 35496K, reserved 1081344K
  class space    used 4509K, capacity 4654K, committed 4656K, reserved 1048576K
Event: 4.198 GC heap after
Heap after GC invocations=8 (full 2):
 PSYoungGen      total 81920K, used 0K [0x00000000d5f00000, 0x00000000dc100000, 0x0000000100000000)
  eden space 66560K, 0% used [0x00000000d5f00000,0x00000000d5f00000,0x00000000da000000)
  from space 15360K, 0% used [0x00000000db200000,0x00000000db200000,0x00000000dc100000)
  to   space 5120K, 0% used [0x00000000da000000,0x00000000da000000,0x00000000da500000)
 ParOldGen       total 66560K, used 23924K [0x0000000081c00000, 0x0000000085d00000, 0x00000000d5f00000)
  object space 66560K, 35% used [0x0000000081c00000,0x000000008335d340,0x0000000085d00000)
 Metaspace       used 34844K, capacity 35321K, committed 35496K, reserved 1081344K
  class space    used 4509K, capacity 4654K, committed 4656K, reserved 1048576K
}
Event: 5.851 GC heap before
{Heap before GC invocations=9 (full 2):
 PSYoungGen      total 81920K, used 66560K [0x00000000d5f00000, 0x00000000dc100000, 0x0000000100000000)
  eden space 66560K, 100% used [0x00000000d5f00000,0x00000000da000000,0x00000000da000000)
  from space 15360K, 0% used [0x00000000db200000,0x00000000db200000,0x00000000dc100000)
  to   space 5120K, 0% used [0x00000000da000000,0x00000000da000000,0x00000000da500000)
 ParOldGen       total 66560K, used 23924K [0x0000000081c00000, 0x0000000085d00000, 0x00000000d5f00000)
  object space 66560K, 35% used [0x0000000081c00000,0x000000008335d340,0x0000000085d00000)
 Metaspace       used 39823K, capacity 40452K, committed 40752K, reserved 1085440K
  class space    used 4956K, capacity 5121K, committed 5168K, reserved 1048576K
Event: 5.870 GC heap after
Heap after GC invocations=9 (full 2):
 PSYoungGen      total 71680K, used 5088K [0x00000000d5f00000, 0x00000000dd880000, 0x0000000100000000)
  eden space 66560K, 0% used [0x00000000d5f00000,0x00000000d5f00000,0x00000000da000000)
  from space 5120K, 99% used [0x00000000da000000,0x00000000da4f8328,0x00000000da500000)
  to   space 16384K, 0% used [0x00000000dc880000,0x00000000dc880000,0x00000000dd880000)
 ParOldGen       total 66560K, used 32301K [0x0000000081c00000, 0x0000000085d00000, 0x00000000d5f00000)
  object space 66560K, 48% used [0x0000000081c00000,0x0000000083b8b5c0,0x0000000085d00000)
 Metaspace       used 39823K, capacity 40452K, committed 40752K, reserved 1085440K
  class space    used 4956K, capacity 5121K, committed 5168K, reserved 1048576K
}

Deoptimization events (10 events):
Event: 6.661 Thread 0x0000000003134800 Uncommon trap: reason=class_check action=maybe_recompile pc=0x0000000003fd1bc0 method=org.jetbrains.kotlin.com.intellij.openapi.util.io.FileUtilRt.getExtension(Ljava/lang/CharSequence;Ljava/lang/String;)Ljava/lang/CharSequence; @ 14
Event: 6.788 Thread 0x0000000003134800 Uncommon trap: reason=unstable_if action=reinterpret pc=0x0000000003a88638 method=org.jetbrains.kotlin.protobuf.CodedInputStream.readRawVarint32()I @ 69
Event: 6.788 Thread 0x0000000003134800 Uncommon trap: reason=unstable_if action=reinterpret pc=0x0000000003a22448 method=org.jetbrains.kotlin.protobuf.CodedOutputStream.computeRawVarint32Size(I)I @ 14
Event: 6.858 Thread 0x0000000003134800 Uncommon trap: reason=bimorphic action=maybe_recompile pc=0x0000000003fdff44 method=org.jetbrains.kotlin.types.AbstractClassTypeConstructor.hashCode()I @ 12
Event: 6.858 Thread 0x0000000003134800 Uncommon trap: reason=bimorphic action=maybe_recompile pc=0x0000000003e61288 method=org.jetbrains.kotlin.resolve.DescriptorUtils.getFqNameSafeIfPossible(Lorg/jetbrains/kotlin/descriptors/DeclarationDescriptor;)Lorg/jetbrains/kotlin/name/FqName; @ 54
Event: 6.858 Thread 0x0000000003134800 Uncommon trap: reason=bimorphic action=maybe_recompile pc=0x0000000003e3bbb8 method=kotlin.collections.CollectionsKt___CollectionsKt.toList(Ljava/lang/Iterable;)Ljava/util/List; @ 71
Event: 6.882 Thread 0x0000000003134800 Uncommon trap: reason=class_check action=maybe_recompile pc=0x0000000003f362ec method=org.jetbrains.kotlin.serialization.deserialization.descriptors.DeserializedMemberScope.getContributedClassifier(Lorg/jetbrains/kotlin/name/Name;Lorg/jetbrains/kotlin/inc
Event: 6.904 Thread 0x0000000003134800 Uncommon trap: reason=class_check action=maybe_recompile pc=0x0000000003f362ec method=org.jetbrains.kotlin.serialization.deserialization.descriptors.DeserializedMemberScope.getContributedClassifier(Lorg/jetbrains/kotlin/name/Name;Lorg/jetbrains/kotlin/inc
Event: 6.904 Thread 0x0000000003134800 Uncommon trap: reason=class_check action=maybe_recompile pc=0x0000000003f362ec method=org.jetbrains.kotlin.serialization.deserialization.descriptors.DeserializedMemberScope.getContributedClassifier(Lorg/jetbrains/kotlin/name/Name;Lorg/jetbrains/kotlin/inc
Event: 6.907 Thread 0x0000000003134800 Uncommon trap: reason=class_check action=maybe_recompile pc=0x0000000003f362ec method=org.jetbrains.kotlin.serialization.deserialization.descriptors.DeserializedMemberScope.getContributedClassifier(Lorg/jetbrains/kotlin/name/Name;Lorg/jetbrains/kotlin/inc

Classes redefined (0 events):
No events

Internal exceptions (10 events):
Event: 2.035 Thread 0x0000000003134800 Exception <a 'java/lang/NoSuchMethodError': java.lang.Object.lambda$static$0(I)[Lorg/jetbrains/kotlin/com/intellij/psi/PsiAnnotation;> (0x00000000d6a63bb8) thrown at [D:\src\AOSP-openjdk-cygwin\jdk8u\hotspot\src\share\vm\interpreter\linkResolver.cpp, line
Event: 2.161 Thread 0x0000000003134800 Exception <a 'java/lang/NoSuchMethodError': java.lang.Object.lambda$static$0(I)[Lorg/jetbrains/kotlin/com/intellij/psi/PsiElement;> (0x00000000d6fad1d0) thrown at [D:\src\AOSP-openjdk-cygwin\jdk8u\hotspot\src\share\vm\interpreter\linkResolver.cpp, line 62
Event: 3.245 Thread 0x0000000003134800 Exception <a 'java/lang/ArrayIndexOutOfBoundsException': 126> (0x00000000d686d0a8) thrown at [D:\src\AOSP-openjdk-cygwin\jdk8u\hotspot\src\share\vm\interpreter\interpreterRuntime.cpp, line 368]
Event: 3.245 Thread 0x0000000003134800 Exception <a 'java/lang/ArrayIndexOutOfBoundsException': 86> (0x00000000d686e530) thrown at [D:\src\AOSP-openjdk-cygwin\jdk8u\hotspot\src\share\vm\interpreter\interpreterRuntime.cpp, line 368]
Event: 3.992 Thread 0x0000000003134800 Exception <a 'java/lang/NoSuchMethodError': java.lang.Object.lambda$static$0(I)[Lorg/jetbrains/kotlin/psi/KtExpression;> (0x00000000d626e270) thrown at [D:\src\AOSP-openjdk-cygwin\jdk8u\hotspot\src\share\vm\interpreter\linkResolver.cpp, line 620]
Event: 4.046 Thread 0x0000000003134800 Exception <a 'java/lang/NoSuchMethodError': java.lang.Object.lambda$static$0(I)[Lorg/jetbrains/kotlin/psi/KtDeclaration;> (0x00000000d6516390) thrown at [D:\src\AOSP-openjdk-cygwin\jdk8u\hotspot\src\share\vm\interpreter\linkResolver.cpp, line 620]
Event: 4.074 Thread 0x0000000003134800 Exception <a 'java/lang/NoSuchMethodError': java.lang.Object.lambda$static$0(I)[Lorg/jetbrains/kotlin/psi/KtTypeElement;> (0x00000000d6661ff8) thrown at [D:\src\AOSP-openjdk-cygwin\jdk8u\hotspot\src\share\vm\interpreter\linkResolver.cpp, line 620]
Event: 4.958 Thread 0x0000000003134800 Exception <a 'java/lang/NoSuchMethodError': java.lang.Object.lambda$static$0(I)[Lorg/jetbrains/kotlin/com/intellij/psi/PsiClass;> (0x00000000d8c72dc8) thrown at [D:\src\AOSP-openjdk-cygwin\jdk8u\hotspot\src\share\vm\interpreter\linkResolver.cpp, line 620]
Event: 6.532 Thread 0x0000000003134800 Implicit null exception at 0x000000000389d61a to 0x000000000389e13d
Event: 6.532 Thread 0x0000000003134800 Implicit null exception at 0x000000000360bf7b to 0x000000000360c53d

Events (10 events):
Event: 6.931 loading class org/jetbrains/kotlin/resolve/ModifiersCheckerKt$or$1
Event: 6.931 loading class org/jetbrains/kotlin/resolve/ModifiersCheckerKt$or$1 done
Event: 6.931 loading class org/jetbrains/kotlin/resolve/ModifierCheckerCore$Compatibility
Event: 6.931 loading class org/jetbrains/kotlin/resolve/ModifierCheckerCore$Compatibility done
Event: 6.932 loading class org/jetbrains/kotlin/resolve/jvm/checkers/JvmSimpleNameBacktickChecker$checkNamed$1
Event: 6.932 loading class org/jetbrains/kotlin/resolve/jvm/checkers/JvmSimpleNameBacktickChecker$checkNamed$1 done
Event: 6.933 loading class org/jetbrains/kotlin/resolve/LateinitModifierApplicabilityChecker
Event: 6.933 loading class org/jetbrains/kotlin/resolve/LateinitModifierApplicabilityChecker done
Event: 6.935 Executing VM operation: ForceSafepoint
Event: 6.935 Executing VM operation: ForceSafepoint done


Dynamic libraries:
0x00007ff7722f0000 - 0x00007ff772321000 	C:\Program Files\Android\Android Studio\jre\jre\bin\java.exe
0x00007ffd83520000 - 0x00007ffd83710000 	C:\Windows\SYSTEM32\ntdll.dll
0x00007ffd82b30000 - 0x00007ffd82be2000 	C:\Windows\System32\KERNEL32.dll
0x00007ffd75710000 - 0x00007ffd75842000 	C:\Windows\system32\hmpalert.dll
0x00007ffd809d0000 - 0x00007ffd80c73000 	C:\Windows\System32\KERNELBASE.dll
0x00007ffd831d0000 - 0x00007ffd83273000 	C:\Windows\System32\ADVAPI32.dll
0x00007ffd82e10000 - 0x00007ffd82eae000 	C:\Windows\System32\msvcrt.dll
0x00007ffd83280000 - 0x00007ffd83317000 	C:\Windows\System32\sechost.dll
0x00007ffd82eb0000 - 0x00007ffd82fd0000 	C:\Windows\System32\RPCRT4.dll
0x00007ffd815d0000 - 0x00007ffd81764000 	C:\Windows\System32\USER32.dll
0x00007ffd80da0000 - 0x00007ffd80dc1000 	C:\Windows\System32\win32u.dll
0x00007ffd81dd0000 - 0x00007ffd81df6000 	C:\Windows\System32\GDI32.dll
0x00007ffd804b0000 - 0x00007ffd80644000 	C:\Windows\System32\gdi32full.dll
0x00007ffd808b0000 - 0x00007ffd8094e000 	C:\Windows\System32\msvcp_win.dll
0x00007ffd80ca0000 - 0x00007ffd80d9a000 	C:\Windows\System32\ucrtbase.dll
0x00007ffd6c620000 - 0x00007ffd6c8a5000 	C:\Windows\WinSxS\amd64_microsoft.windows.common-controls_6595b64144ccf1df_6.0.18362.592_none_e6c0b1911312be02\COMCTL32.dll
0x00007ffd81e90000 - 0x00007ffd821c6000 	C:\Windows\System32\combase.dll
0x00007ffd80dd0000 - 0x00007ffd80e50000 	C:\Windows\System32\bcryptPrimitives.dll
0x00007ffd82af0000 - 0x00007ffd82b1e000 	C:\Windows\System32\IMM32.DLL
0x00007ffd802a0000 - 0x00007ffd802dd000 	C:\Windows\system32\SophosAV\SOPHOS~1.DLL
0x00007ffd83150000 - 0x00007ffd83158000 	C:\Windows\System32\PSAPI.DLL
0x0000000064740000 - 0x0000000064812000 	C:\Program Files\Android\Android Studio\jre\jre\bin\msvcr100.dll
0x0000000064900000 - 0x0000000065146000 	C:\Program Files\Android\Android Studio\jre\jre\bin\server\jvm.dll
0x00007ffd76140000 - 0x00007ffd7614a000 	C:\Windows\SYSTEM32\VERSION.dll
0x00007ffd7e4e0000 - 0x00007ffd7e504000 	C:\Windows\SYSTEM32\WINMM.dll
0x00007ffd7b440000 - 0x00007ffd7b449000 	C:\Windows\SYSTEM32\WSOCK32.dll
0x00007ffd81e00000 - 0x00007ffd81e6f000 	C:\Windows\System32\WS2_32.dll
0x00007ffd7e4b0000 - 0x00007ffd7e4dd000 	C:\Windows\SYSTEM32\winmmbase.dll
0x00007ffd80980000 - 0x00007ffd809ca000 	C:\Windows\System32\cfgmgr32.dll
0x00007ffd7a090000 - 0x00007ffd7a09f000 	C:\Program Files\Android\Android Studio\jre\jre\bin\verify.dll
0x00007ffd79e10000 - 0x00007ffd79e39000 	C:\Program Files\Android\Android Studio\jre\jre\bin\java.dll
0x00007ffd7a030000 - 0x00007ffd7a046000 	C:\Program Files\Android\Android Studio\jre\jre\bin\zip.dll
0x00007ffd82400000 - 0x00007ffd82ae5000 	C:\Windows\System32\SHELL32.dll
0x00007ffd830a0000 - 0x00007ffd83149000 	C:\Windows\System32\shcore.dll
0x00007ffd80e50000 - 0x00007ffd815cf000 	C:\Windows\System32\windows.storage.dll
0x00007ffd80490000 - 0x00007ffd804af000 	C:\Windows\System32\profapi.dll
0x00007ffd80400000 - 0x00007ffd8044a000 	C:\Windows\System32\powrprof.dll
0x00007ffd803f0000 - 0x00007ffd80400000 	C:\Windows\System32\UMPDC.dll
0x00007ffd83480000 - 0x00007ffd834d2000 	C:\Windows\System32\shlwapi.dll
0x00007ffd80450000 - 0x00007ffd80461000 	C:\Windows\System32\kernel.appcore.dll
0x00007ffd80c80000 - 0x00007ffd80c97000 	C:\Windows\System32\cryptsp.dll
0x00007ffd790e0000 - 0x00007ffd790fa000 	C:\Program Files\Android\Android Studio\jre\jre\bin\net.dll
0x00007ffd734f0000 - 0x00007ffd736c6000 	C:\Windows\SYSTEM32\urlmon.dll
0x00007ffd73860000 - 0x00007ffd73b06000 	C:\Windows\SYSTEM32\iertutil.dll
0x00007ffd7fdf0000 - 0x00007ffd7fdfc000 	C:\Windows\SYSTEM32\CRYPTBASE.DLL
0x00007ffd7fc20000 - 0x00007ffd7fc87000 	C:\Windows\system32\mswsock.dll
0x00007ffd78fd0000 - 0x00007ffd78fe3000 	C:\Program Files\Android\Android Studio\jre\jre\bin\nio.dll

VM Arguments:
java_command: org.jetbrains.kotlin.cli.jvm.K2JVMCompiler -Xallow-no-source-files -classpath C:\Users\Keerthana\AndroidStudioProjects\BrainGame\app\build\intermediates\compile_and_runtime_not_namespaced_r_class_jar\debug\R.jar;C:\Users\Keerthana\.gradle\caches\transforms-2\files-2.1\7da236269422b28fceb39a746a085afe\jetified-kotlin-android-extensions-runtime-1.3.72.jar;C:\Users\Keerthana\.gradle\caches\transforms-2\files-2.1\e4a350e858f6bab54254a3a425b45cc4\jetified-kotlin-stdlib-jdk7-1.3.72.jar;C:\Users\Keerthana\.gradle\caches\transforms-2\files-2.1\347c9fe01992d52467315b32a3b0e9cd\jetified-core-ktx-1.3.0-api.jar;C:\Users\Keerthana\.gradle\caches\transforms-2\files-2.1\0fd62dbe9d5ed89c929c0ddfc2a7518b\jetified-kotlin-stdlib-1.3.72.jar;C:\Users\Keerthana\.gradle\caches\transforms-2\files-2.1\4abc59d79844bf68d4316e564fa7a3d6\jetified-kotlin-stdlib-common-1.3.72.jar;C:\Users\Keerthana\.gradle\caches\transforms-2\files-2.1\0d7d609b3c88204110ae9b94ddf3591e\jetified-annotations-13.0.jar;C:\Users\Keerthana\.gradle\caches\transforms-2\files-2.1\6ad1da4830be5dc8cc4ca8bfa2f40e1b\appcompat-1.1.0-api.jar;C:\Users\Keerthana\.gradle\caches\transforms-2\files-2.1\b62e14199fe1df51bf0510c428044d41\fragment-1.1.0-api.jar;C:\Users\Keerthana\.gradle\caches\transforms-2\files-2.1\f38705d09446f9c73ed8cfa2d40fbe93\jetified-appcompat-resources-1.1.0-api.jar;C:\Users\Keerthana\.gradle\caches\transforms-2\files-2.1\561703e179711f01b74d6991089644fa\drawerlayout-1.0.0-api.jar;C:\Users\Keerthana\.gradle\caches\transforms-2\files-2.1\183609fefe77e9e34c2cef2228f826b7\viewpager-1.0.0-api.jar;C:\Users\Keerthana\.gradle\caches\transforms-2\files-2.1\ad3bc31e28d61e1d2f75971895b90706\loader-1.0.0-api.jar;C:\Users\Keerthana\.gradle\caches\transforms-2\files-2.1\23440635dbf187a084fe75a144f68a93\jetified-activity-1.0.0-api.jar;C:\Users\Keerthana\.gradle\caches\transforms-2\files-2.1\cc498f2b71adcf9bb71e52d36879d65d\vectordrawable-animated-1.1.0-api.jar;C:\Users\Keerthana\.gradle\caches\transforms-2\fil
java_class_path (initial): C:\Users\Keerthana\.gradle\caches\modules-2\files-2.1\org.jetbrains.kotlin\kotlin-compiler-embeddable\1.3.72\fb72232c8fa977d5e07d33c43381ddbdc5edab6\kotlin-compiler-embeddable-1.3.72.jar;C:\Users\Keerthana\.gradle\caches\modules-2\files-2.1\org.jetbrains.kotlin\kotlin-reflect\1.3.72\86613e1a669a701b0c660bfd2af4f82a7ae11fca\kotlin-reflect-1.3.72.jar;C:\Users\Keerthana\.gradle\caches\modules-2\files-2.1\org.jetbrains.kotlin\kotlin-stdlib\1.3.72\8032138f12c0180bc4e51fe139d4c52b46db6109\kotlin-stdlib-1.3.72.jar;C:\Users\Keerthana\.gradle\caches\modules-2\files-2.1\org.jetbrains.kotlin\kotlin-script-runtime\1.3.72\657d8d34d91e1964b4439378c09933e840bfe8d5\kotlin-script-runtime-1.3.72.jar;C:\Users\Keerthana\.gradle\caches\modules-2\files-2.1\org.jetbrains.kotlin\kotlin-daemon-embeddable\1.3.72\53bbaa2816dbf6bdb85f629451b1fcc88f2164d2\kotlin-daemon-embeddable-1.3.72.jar;C:\Users\Keerthana\.gradle\caches\modules-2\files-2.1\org.jetbrains.intellij.deps\trove4j\1.0.20181211\216c2e14b070f334479d800987affe4054cd563f\trove4j-1.0.20181211.jar;C:\Users\Keerthana\.gradle\caches\modules-2\files-2.1\org.jetbrains.kotlin\kotlin-stdlib-common\1.3.72\6ca8bee3d88957eaaaef077c41c908c9940492d8\kotlin-stdlib-common-1.3.72.jar;C:\Users\Keerthana\.gradle\caches\modules-2\files-2.1\org.jetbrains\annotations\13.0\919f0dfe192fb4e063e7dacadee7f8bb9a2672a9\annotations-13.0.jar;C:\Program Files\Android\Android Studio\jre\lib\tools.jar
Launcher Type: SUN_STANDARD

Environment Variables:
JAVA_HOME=C:\openjdk13\jdk-13\bin
PATH=C:\Windows\system32;C:\Windows;C:\Windows\System32\Wbem;C:\Windows\System32\WindowsPowerShell\v1.0\;C:\Windows\System32\OpenSSH\;C:\Program Files\PuTTY\;C:\Program Files (x86)\NTP\bin;C:\openjdk13\jdk-13\bin;C:\Program Files\Git\cmd;C:\Users\Keerthana\AppData\Local\Microsoft\WindowsApps;
USERNAME=Keerthana
OS=Windows_NT
PROCESSOR_IDENTIFIER=Intel64 Family 6 Model 61 Stepping 4, GenuineIntel



---------------  S Y S T E M  ---------------

OS: Windows 10.0 , 64 bit Build 18362 (10.0.18362.329)

CPU:total 4 (initial active 4) (2 cores per cpu, 2 threads per core) family 6 model 61 stepping 4, cmov, cx8, fxsr, mmx, sse, sse2, sse3, ssse3, sse4.1, sse4.2, popcnt, avx, avx2, aes, clmul, erms, 3dnowpref, lzcnt, ht, tsc, tscinvbit, bmi1, bmi2, adx

Memory: 4k page, physical 8272340k(913652k free), swap 8272340k(5180k free)

vm_info: OpenJDK 64-Bit Server VM (25.212-b04) for windows-amd64 JRE (1.8.0_212-release-1586-b04), built by "builder" with MS VC++ 10.0 (VS2010)

time: Mon Jun 22 17:24:52 2020
timezone: India Standard Time
elapsed time: 6 seconds (0d 0h 0m 6s)

